<?xml version="1.0" encoding="UTF-8"?>
<testsuite name="com.helciodasilva.servico.api.test.unit.DescontoTest" time="0.006" tests="4" errors="0" skipped="0" failures="0">
  <properties>
[...]
</properties>
  <testcase name="shouldDiscountForSilverClient" classname="com.helciodasilva.servico.api.test.unit.DescontoTest" time="0.005"/>
  <testcase name="shouldDiscountForSilverClientAndDate" classname="com.helciodasilva.servico.api.test.unit.DescontoTest" time="0"/>
  <testcase name="shouldDiscountForGoldClientAndDate" classname="com.helciodasilva.servico.api.test.unit.DescontoTest" time="0.001"/>
  <testcase name="shouldDiscountForGoldClient" classname="com.helciodasilva.servico.api.test.unit.DescontoTest" time="0"/>
</testsuite>